  main.c
E:\5source\MDS_source\2space\ast2500evb_ns207_workspace\software\yafuflash-4.90.0-ANY\Common\main.c(265,30): warning C4047: “!=”:“int”与“void *”的间接级别不同
E:\5source\MDS_source\2space\ast2500evb_ns207_workspace\software\yafuflash-4.90.0-ANY\Common\main.c(266,9): warning C4996: 'strcpy': This function or variable may be unsafe. Consider using strcpy_s instead. To disable deprecation, use _CRT_SECURE_NO_WARNINGS. See online help for details.
E:\5source\MDS_source\2space\ast2500evb_ns207_workspace\software\yafuflash-4.90.0-ANY\Common\main.c(271,21): warning C4996: 'strcat': This function or variable may be unsafe. Consider using strcat_s instead. To disable deprecation, use _CRT_SECURE_NO_WARNINGS. See online help for details.
E:\5source\MDS_source\2space\ast2500evb_ns207_workspace\software\yafuflash-4.90.0-ANY\Common\main.c(273,12): warning C4996: 'strcat': This function or variable may be unsafe. Consider using strcat_s instead. To disable deprecation, use _CRT_SECURE_NO_WARNINGS. See online help for details.
E:\5source\MDS_source\2space\ast2500evb_ns207_workspace\software\yafuflash-4.90.0-ANY\Common\main.c(277,9): warning C4996: 'strcat': This function or variable may be unsafe. Consider using strcat_s instead. To disable deprecation, use _CRT_SECURE_NO_WARNINGS. See online help for details.
E:\5source\MDS_source\2space\ast2500evb_ns207_workspace\software\yafuflash-4.90.0-ANY\Common\main.c(278,20): warning C4996: 'strcpy': This function or variable may be unsafe. Consider using strcpy_s instead. To disable deprecation, use _CRT_SECURE_NO_WARNINGS. See online help for details.
E:\5source\MDS_source\2space\ast2500evb_ns207_workspace\software\yafuflash-4.90.0-ANY\Common\main.c(280,20): warning C4996: 'strcat': This function or variable may be unsafe. Consider using strcat_s instead. To disable deprecation, use _CRT_SECURE_NO_WARNINGS. See online help for details.
E:\5source\MDS_source\2space\ast2500evb_ns207_workspace\software\yafuflash-4.90.0-ANY\Common\main.c(281,20): warning C4996: 'strcat': This function or variable may be unsafe. Consider using strcat_s instead. To disable deprecation, use _CRT_SECURE_NO_WARNINGS. See online help for details.
E:\5source\MDS_source\2space\ast2500evb_ns207_workspace\software\yafuflash-4.90.0-ANY\Common\main.c(283,27): warning C4013: “UnloadDeviceDriver”未定义；假设外部返回 int
E:\5source\MDS_source\2space\ast2500evb_ns207_workspace\software\yafuflash-4.90.0-ANY\Common\main.c(285,23): warning C4013: “LoadDeviceDriver”未定义；假设外部返回 int
E:\5source\MDS_source\2space\ast2500evb_ns207_workspace\software\yafuflash-4.90.0-ANY\Common\main.c(250,8): warning C4101: “strVxD”: 未引用的局部变量
E:\5source\MDS_source\2space\ast2500evb_ns207_workspace\software\yafuflash-4.90.0-ANY\Common\main.c(314,14): warning C4013: “RemoveDriver”未定义；假设外部返回 int
E:\5source\MDS_source\2space\ast2500evb_ns207_workspace\software\yafuflash-4.90.0-ANY\Common\main.c(317,15): warning C4013: “InstallDriver”未定义；假设外部返回 int
E:\5source\MDS_source\2space\ast2500evb_ns207_workspace\software\yafuflash-4.90.0-ANY\Common\main.c(320,13): warning C4013: “StartDriver”未定义；假设外部返回 int
E:\5source\MDS_source\2space\ast2500evb_ns207_workspace\software\yafuflash-4.90.0-ANY\Common\main.c(323,19): warning C4013: “OpenDevice”未定义；假设外部返回 int
E:\5source\MDS_source\2space\ast2500evb_ns207_workspace\software\yafuflash-4.90.0-ANY\Common\main.c(345,12): warning C4013: “StopDriver”未定义；假设外部返回 int
E:\5source\MDS_source\2space\ast2500evb_ns207_workspace\software\yafuflash-4.90.0-ANY\Common\main.c(754,45): warning C4013: “GetReleaseaandCodeBaseVersion”未定义；假设外部返回 int
E:\5source\MDS_source\2space\ast2500evb_ns207_workspace\software\yafuflash-4.90.0-ANY\Common\main.c(786,10): warning C4996: 'fopen': This function or variable may be unsafe. Consider using fopen_s instead. To disable deprecation, use _CRT_SECURE_NO_WARNINGS. See online help for details.
E:\5source\MDS_source\2space\ast2500evb_ns207_workspace\software\yafuflash-4.90.0-ANY\Common\main.c(805,53): warning C4996: 'strerror': This function or variable may be unsafe. Consider using strerror_s instead. To disable deprecation, use _CRT_SECURE_NO_WARNINGS. See online help for details.
E:\5source\MDS_source\2space\ast2500evb_ns207_workspace\software\yafuflash-4.90.0-ANY\Common\main.c(899,17): warning C4996: 'strncpy': This function or variable may be unsafe. Consider using strncpy_s instead. To disable deprecation, use _CRT_SECURE_NO_WARNINGS. See online help for details.
E:\5source\MDS_source\2space\ast2500evb_ns207_workspace\software\yafuflash-4.90.0-ANY\Common\main.c(943,5): warning C4102: “next”: 未引用的标签
E:\5source\MDS_source\2space\ast2500evb_ns207_workspace\software\yafuflash-4.90.0-ANY\Common\main.c(1021,13): warning C4996: 'strncpy': This function or variable may be unsafe. Consider using strncpy_s instead. To disable deprecation, use _CRT_SECURE_NO_WARNINGS. See online help for details.
E:\5source\MDS_source\2space\ast2500evb_ns207_workspace\software\yafuflash-4.90.0-ANY\Common\main.c(1190,49): warning C4267: “函数”: 从“size_t”转换到“int”，可能丢失数据
E:\5source\MDS_source\2space\ast2500evb_ns207_workspace\software\yafuflash-4.90.0-ANY\Common\main.c(1171,13): warning C4996: 'strncpy': This function or variable may be unsafe. Consider using strncpy_s instead. To disable deprecation, use _CRT_SECURE_NO_WARNINGS. See online help for details.
E:\5source\MDS_source\2space\ast2500evb_ns207_workspace\software\yafuflash-4.90.0-ANY\Common\main.c(1336,15): warning C4996: 'strcpy': This function or variable may be unsafe. Consider using strcpy_s instead. To disable deprecation, use _CRT_SECURE_NO_WARNINGS. See online help for details.
E:\5source\MDS_source\2space\ast2500evb_ns207_workspace\software\yafuflash-4.90.0-ANY\Common\main.c(1459,15): warning C4996: 'strcpy': This function or variable may be unsafe. Consider using strcpy_s instead. To disable deprecation, use _CRT_SECURE_NO_WARNINGS. See online help for details.
E:\5source\MDS_source\2space\ast2500evb_ns207_workspace\software\yafuflash-4.90.0-ANY\Common\main.c(1540,15): warning C4996: 'strcpy': This function or variable may be unsafe. Consider using strcpy_s instead. To disable deprecation, use _CRT_SECURE_NO_WARNINGS. See online help for details.
E:\5source\MDS_source\2space\ast2500evb_ns207_workspace\software\yafuflash-4.90.0-ANY\Common\main.c(1547,27): warning C4996: 'strcpy': This function or variable may be unsafe. Consider using strcpy_s instead. To disable deprecation, use _CRT_SECURE_NO_WARNINGS. See online help for details.
E:\5source\MDS_source\2space\ast2500evb_ns207_workspace\software\yafuflash-4.90.0-ANY\Common\main.c(1552,27): warning C4996: 'strcpy': This function or variable may be unsafe. Consider using strcpy_s instead. To disable deprecation, use _CRT_SECURE_NO_WARNINGS. See online help for details.
E:\5source\MDS_source\2space\ast2500evb_ns207_workspace\software\yafuflash-4.90.0-ANY\Common\main.c(1556,27): warning C4996: 'strcpy': This function or variable may be unsafe. Consider using strcpy_s instead. To disable deprecation, use _CRT_SECURE_NO_WARNINGS. See online help for details.
E:\5source\MDS_source\2space\ast2500evb_ns207_workspace\software\yafuflash-4.90.0-ANY\Common\main.c(1560,27): warning C4996: 'strcpy': This function or variable may be unsafe. Consider using strcpy_s instead. To disable deprecation, use _CRT_SECURE_NO_WARNINGS. See online help for details.
E:\5source\MDS_source\2space\ast2500evb_ns207_workspace\software\yafuflash-4.90.0-ANY\Common\main.c(1564,27): warning C4996: 'strcpy': This function or variable may be unsafe. Consider using strcpy_s instead. To disable deprecation, use _CRT_SECURE_NO_WARNINGS. See online help for details.
E:\5source\MDS_source\2space\ast2500evb_ns207_workspace\software\yafuflash-4.90.0-ANY\Common\main.c(1568,27): warning C4996: 'strcpy': This function or variable may be unsafe. Consider using strcpy_s instead. To disable deprecation, use _CRT_SECURE_NO_WARNINGS. See online help for details.
E:\5source\MDS_source\2space\ast2500evb_ns207_workspace\software\yafuflash-4.90.0-ANY\Common\main.c(1585,22): warning C4996: 'strcpy': This function or variable may be unsafe. Consider using strcpy_s instead. To disable deprecation, use _CRT_SECURE_NO_WARNINGS. See online help for details.
E:\5source\MDS_source\2space\ast2500evb_ns207_workspace\software\yafuflash-4.90.0-ANY\Common\main.c(1611,20): warning C4996: 'strcpy': This function or variable may be unsafe. Consider using strcpy_s instead. To disable deprecation, use _CRT_SECURE_NO_WARNINGS. See online help for details.
E:\5source\MDS_source\2space\ast2500evb_ns207_workspace\software\yafuflash-4.90.0-ANY\Common\main.c(1614,23): warning C4996: 'strcpy': This function or variable may be unsafe. Consider using strcpy_s instead. To disable deprecation, use _CRT_SECURE_NO_WARNINGS. See online help for details.
E:\5source\MDS_source\2space\ast2500evb_ns207_workspace\software\yafuflash-4.90.0-ANY\Common\main.c(1619,23): warning C4996: 'strcpy': This function or variable may be unsafe. Consider using strcpy_s instead. To disable deprecation, use _CRT_SECURE_NO_WARNINGS. See online help for details.
E:\5source\MDS_source\2space\ast2500evb_ns207_workspace\software\yafuflash-4.90.0-ANY\Common\main.c(1623,23): warning C4996: 'strcpy': This function or variable may be unsafe. Consider using strcpy_s instead. To disable deprecation, use _CRT_SECURE_NO_WARNINGS. See online help for details.
E:\5source\MDS_source\2space\ast2500evb_ns207_workspace\software\yafuflash-4.90.0-ANY\Common\main.c(1627,23): warning C4996: 'strcpy': This function or variable may be unsafe. Consider using strcpy_s instead. To disable deprecation, use _CRT_SECURE_NO_WARNINGS. See online help for details.
E:\5source\MDS_source\2space\ast2500evb_ns207_workspace\software\yafuflash-4.90.0-ANY\Common\main.c(1631,23): warning C4996: 'strcpy': This function or variable may be unsafe. Consider using strcpy_s instead. To disable deprecation, use _CRT_SECURE_NO_WARNINGS. See online help for details.
E:\5source\MDS_source\2space\ast2500evb_ns207_workspace\software\yafuflash-4.90.0-ANY\Common\main.c(1635,23): warning C4996: 'strcpy': This function or variable may be unsafe. Consider using strcpy_s instead. To disable deprecation, use _CRT_SECURE_NO_WARNINGS. See online help for details.
E:\5source\MDS_source\2space\ast2500evb_ns207_workspace\software\yafuflash-4.90.0-ANY\Common\main.c(1651,19): warning C4996: 'strcpy': This function or variable may be unsafe. Consider using strcpy_s instead. To disable deprecation, use _CRT_SECURE_NO_WARNINGS. See online help for details.
E:\5source\MDS_source\2space\ast2500evb_ns207_workspace\software\yafuflash-4.90.0-ANY\Common\main.c(1652,19): warning C4996: 'strcpy': This function or variable may be unsafe. Consider using strcpy_s instead. To disable deprecation, use _CRT_SECURE_NO_WARNINGS. See online help for details.
E:\5source\MDS_source\2space\ast2500evb_ns207_workspace\software\yafuflash-4.90.0-ANY\Common\main.c(1655,19): warning C4996: 'strcpy': This function or variable may be unsafe. Consider using strcpy_s instead. To disable deprecation, use _CRT_SECURE_NO_WARNINGS. See online help for details.
E:\5source\MDS_source\2space\ast2500evb_ns207_workspace\software\yafuflash-4.90.0-ANY\Common\main.c(1656,19): warning C4996: 'strcpy': This function or variable may be unsafe. Consider using strcpy_s instead. To disable deprecation, use _CRT_SECURE_NO_WARNINGS. See online help for details.
E:\5source\MDS_source\2space\ast2500evb_ns207_workspace\software\yafuflash-4.90.0-ANY\Common\main.c(1692,23): warning C4996: 'strcpy': This function or variable may be unsafe. Consider using strcpy_s instead. To disable deprecation, use _CRT_SECURE_NO_WARNINGS. See online help for details.
E:\5source\MDS_source\2space\ast2500evb_ns207_workspace\software\yafuflash-4.90.0-ANY\Common\main.c(1693,23): warning C4996: 'strcpy': This function or variable may be unsafe. Consider using strcpy_s instead. To disable deprecation, use _CRT_SECURE_NO_WARNINGS. See online help for details.
E:\5source\MDS_source\2space\ast2500evb_ns207_workspace\software\yafuflash-4.90.0-ANY\Common\main.c(1700,23): warning C4996: 'strcpy': This function or variable may be unsafe. Consider using strcpy_s instead. To disable deprecation, use _CRT_SECURE_NO_WARNINGS. See online help for details.
E:\5source\MDS_source\2space\ast2500evb_ns207_workspace\software\yafuflash-4.90.0-ANY\Common\main.c(1701,23): warning C4996: 'strcpy': This function or variable may be unsafe. Consider using strcpy_s instead. To disable deprecation, use _CRT_SECURE_NO_WARNINGS. See online help for details.
E:\5source\MDS_source\2space\ast2500evb_ns207_workspace\software\yafuflash-4.90.0-ANY\Common\main.c(1708,23): warning C4996: 'strcpy': This function or variable may be unsafe. Consider using strcpy_s instead. To disable deprecation, use _CRT_SECURE_NO_WARNINGS. See online help for details.
E:\5source\MDS_source\2space\ast2500evb_ns207_workspace\software\yafuflash-4.90.0-ANY\Common\main.c(1721,15): warning C4996: 'strcpy': This function or variable may be unsafe. Consider using strcpy_s instead. To disable deprecation, use _CRT_SECURE_NO_WARNINGS. See online help for details.
E:\5source\MDS_source\2space\ast2500evb_ns207_workspace\software\yafuflash-4.90.0-ANY\Common\main.c(1722,15): warning C4996: 'strcpy': This function or variable may be unsafe. Consider using strcpy_s instead. To disable deprecation, use _CRT_SECURE_NO_WARNINGS. See online help for details.
E:\5source\MDS_source\2space\ast2500evb_ns207_workspace\software\yafuflash-4.90.0-ANY\Common\main.c(1729,15): warning C4996: 'strcpy': This function or variable may be unsafe. Consider using strcpy_s instead. To disable deprecation, use _CRT_SECURE_NO_WARNINGS. See online help for details.
E:\5source\MDS_source\2space\ast2500evb_ns207_workspace\software\yafuflash-4.90.0-ANY\Common\main.c(1730,15): warning C4996: 'strcpy': This function or variable may be unsafe. Consider using strcpy_s instead. To disable deprecation, use _CRT_SECURE_NO_WARNINGS. See online help for details.
E:\5source\MDS_source\2space\ast2500evb_ns207_workspace\software\yafuflash-4.90.0-ANY\Common\main.c(1764,23): warning C4996: 'strcpy': This function or variable may be unsafe. Consider using strcpy_s instead. To disable deprecation, use _CRT_SECURE_NO_WARNINGS. See online help for details.
E:\5source\MDS_source\2space\ast2500evb_ns207_workspace\software\yafuflash-4.90.0-ANY\Common\main.c(1765,23): warning C4996: 'strcpy': This function or variable may be unsafe. Consider using strcpy_s instead. To disable deprecation, use _CRT_SECURE_NO_WARNINGS. See online help for details.
E:\5source\MDS_source\2space\ast2500evb_ns207_workspace\software\yafuflash-4.90.0-ANY\Common\main.c(1772,23): warning C4996: 'strcpy': This function or variable may be unsafe. Consider using strcpy_s instead. To disable deprecation, use _CRT_SECURE_NO_WARNINGS. See online help for details.
E:\5source\MDS_source\2space\ast2500evb_ns207_workspace\software\yafuflash-4.90.0-ANY\Common\main.c(1773,23): warning C4996: 'strcpy': This function or variable may be unsafe. Consider using strcpy_s instead. To disable deprecation, use _CRT_SECURE_NO_WARNINGS. See online help for details.
E:\5source\MDS_source\2space\ast2500evb_ns207_workspace\software\yafuflash-4.90.0-ANY\Common\main.c(1780,23): warning C4996: 'strcpy': This function or variable may be unsafe. Consider using strcpy_s instead. To disable deprecation, use _CRT_SECURE_NO_WARNINGS. See online help for details.
E:\5source\MDS_source\2space\ast2500evb_ns207_workspace\software\yafuflash-4.90.0-ANY\Common\main.c(1791,15): warning C4996: 'strcpy': This function or variable may be unsafe. Consider using strcpy_s instead. To disable deprecation, use _CRT_SECURE_NO_WARNINGS. See online help for details.
E:\5source\MDS_source\2space\ast2500evb_ns207_workspace\software\yafuflash-4.90.0-ANY\Common\main.c(1792,15): warning C4996: 'strcpy': This function or variable may be unsafe. Consider using strcpy_s instead. To disable deprecation, use _CRT_SECURE_NO_WARNINGS. See online help for details.
E:\5source\MDS_source\2space\ast2500evb_ns207_workspace\software\yafuflash-4.90.0-ANY\Common\main.c(1799,15): warning C4996: 'strcpy': This function or variable may be unsafe. Consider using strcpy_s instead. To disable deprecation, use _CRT_SECURE_NO_WARNINGS. See online help for details.
E:\5source\MDS_source\2space\ast2500evb_ns207_workspace\software\yafuflash-4.90.0-ANY\Common\main.c(1800,15): warning C4996: 'strcpy': This function or variable may be unsafe. Consider using strcpy_s instead. To disable deprecation, use _CRT_SECURE_NO_WARNINGS. See online help for details.
E:\5source\MDS_source\2space\ast2500evb_ns207_workspace\software\yafuflash-4.90.0-ANY\Common\main.c(1829,23): warning C4996: 'strcpy': This function or variable may be unsafe. Consider using strcpy_s instead. To disable deprecation, use _CRT_SECURE_NO_WARNINGS. See online help for details.
E:\5source\MDS_source\2space\ast2500evb_ns207_workspace\software\yafuflash-4.90.0-ANY\Common\main.c(1830,23): warning C4996: 'strcpy': This function or variable may be unsafe. Consider using strcpy_s instead. To disable deprecation, use _CRT_SECURE_NO_WARNINGS. See online help for details.
E:\5source\MDS_source\2space\ast2500evb_ns207_workspace\software\yafuflash-4.90.0-ANY\Common\main.c(1837,23): warning C4996: 'strcpy': This function or variable may be unsafe. Consider using strcpy_s instead. To disable deprecation, use _CRT_SECURE_NO_WARNINGS. See online help for details.
E:\5source\MDS_source\2space\ast2500evb_ns207_workspace\software\yafuflash-4.90.0-ANY\Common\main.c(1838,23): warning C4996: 'strcpy': This function or variable may be unsafe. Consider using strcpy_s instead. To disable deprecation, use _CRT_SECURE_NO_WARNINGS. See online help for details.
E:\5source\MDS_source\2space\ast2500evb_ns207_workspace\software\yafuflash-4.90.0-ANY\Common\main.c(1845,23): warning C4996: 'strcpy': This function or variable may be unsafe. Consider using strcpy_s instead. To disable deprecation, use _CRT_SECURE_NO_WARNINGS. See online help for details.
E:\5source\MDS_source\2space\ast2500evb_ns207_workspace\software\yafuflash-4.90.0-ANY\Common\main.c(2177,19): warning C4996: 'strcpy': This function or variable may be unsafe. Consider using strcpy_s instead. To disable deprecation, use _CRT_SECURE_NO_WARNINGS. See online help for details.
E:\5source\MDS_source\2space\ast2500evb_ns207_workspace\software\yafuflash-4.90.0-ANY\Common\main.c(2181,23): warning C4996: 'strcpy': This function or variable may be unsafe. Consider using strcpy_s instead. To disable deprecation, use _CRT_SECURE_NO_WARNINGS. See online help for details.
E:\5source\MDS_source\2space\ast2500evb_ns207_workspace\software\yafuflash-4.90.0-ANY\Common\main.c(2190,23): warning C4996: 'strcpy': This function or variable may be unsafe. Consider using strcpy_s instead. To disable deprecation, use _CRT_SECURE_NO_WARNINGS. See online help for details.
E:\5source\MDS_source\2space\ast2500evb_ns207_workspace\software\yafuflash-4.90.0-ANY\Common\main.c(2197,23): warning C4996: 'strcpy': This function or variable may be unsafe. Consider using strcpy_s instead. To disable deprecation, use _CRT_SECURE_NO_WARNINGS. See online help for details.
E:\5source\MDS_source\2space\ast2500evb_ns207_workspace\software\yafuflash-4.90.0-ANY\Common\main.c(2201,23): warning C4996: 'strcpy': This function or variable may be unsafe. Consider using strcpy_s instead. To disable deprecation, use _CRT_SECURE_NO_WARNINGS. See online help for details.
E:\5source\MDS_source\2space\ast2500evb_ns207_workspace\software\yafuflash-4.90.0-ANY\Common\main.c(2203,23): warning C4996: 'strcpy': This function or variable may be unsafe. Consider using strcpy_s instead. To disable deprecation, use _CRT_SECURE_NO_WARNINGS. See online help for details.
E:\5source\MDS_source\2space\ast2500evb_ns207_workspace\software\yafuflash-4.90.0-ANY\Common\main.c(2205,23): warning C4996: 'strcpy': This function or variable may be unsafe. Consider using strcpy_s instead. To disable deprecation, use _CRT_SECURE_NO_WARNINGS. See online help for details.
E:\5source\MDS_source\2space\ast2500evb_ns207_workspace\software\yafuflash-4.90.0-ANY\Common\main.c(2207,23): warning C4996: 'strcpy': This function or variable may be unsafe. Consider using strcpy_s instead. To disable deprecation, use _CRT_SECURE_NO_WARNINGS. See online help for details.
E:\5source\MDS_source\2space\ast2500evb_ns207_workspace\software\yafuflash-4.90.0-ANY\Common\main.c(2212,19): warning C4996: 'strcpy': This function or variable may be unsafe. Consider using strcpy_s instead. To disable deprecation, use _CRT_SECURE_NO_WARNINGS. See online help for details.
E:\5source\MDS_source\2space\ast2500evb_ns207_workspace\software\yafuflash-4.90.0-ANY\Common\main.c(2216,23): warning C4996: 'strcpy': This function or variable may be unsafe. Consider using strcpy_s instead. To disable deprecation, use _CRT_SECURE_NO_WARNINGS. See online help for details.
E:\5source\MDS_source\2space\ast2500evb_ns207_workspace\software\yafuflash-4.90.0-ANY\Common\main.c(2225,23): warning C4996: 'strcpy': This function or variable may be unsafe. Consider using strcpy_s instead. To disable deprecation, use _CRT_SECURE_NO_WARNINGS. See online help for details.
E:\5source\MDS_source\2space\ast2500evb_ns207_workspace\software\yafuflash-4.90.0-ANY\Common\main.c(2232,23): warning C4996: 'strcpy': This function or variable may be unsafe. Consider using strcpy_s instead. To disable deprecation, use _CRT_SECURE_NO_WARNINGS. See online help for details.
E:\5source\MDS_source\2space\ast2500evb_ns207_workspace\software\yafuflash-4.90.0-ANY\Common\main.c(2237,23): warning C4996: 'strcpy': This function or variable may be unsafe. Consider using strcpy_s instead. To disable deprecation, use _CRT_SECURE_NO_WARNINGS. See online help for details.
E:\5source\MDS_source\2space\ast2500evb_ns207_workspace\software\yafuflash-4.90.0-ANY\Common\main.c(2240,23): warning C4996: 'strcpy': This function or variable may be unsafe. Consider using strcpy_s instead. To disable deprecation, use _CRT_SECURE_NO_WARNINGS. See online help for details.
E:\5source\MDS_source\2space\ast2500evb_ns207_workspace\software\yafuflash-4.90.0-ANY\Common\main.c(2243,23): warning C4996: 'strcpy': This function or variable may be unsafe. Consider using strcpy_s instead. To disable deprecation, use _CRT_SECURE_NO_WARNINGS. See online help for details.
E:\5source\MDS_source\2space\ast2500evb_ns207_workspace\software\yafuflash-4.90.0-ANY\Common\main.c(2245,23): warning C4996: 'strcpy': This function or variable may be unsafe. Consider using strcpy_s instead. To disable deprecation, use _CRT_SECURE_NO_WARNINGS. See online help for details.
E:\5source\MDS_source\2space\ast2500evb_ns207_workspace\software\yafuflash-4.90.0-ANY\Common\main.c(1996,3): warning C4996: 'sprintf': This function or variable may be unsafe. Consider using sprintf_s instead. To disable deprecation, use _CRT_SECURE_NO_WARNINGS. See online help for details.
E:\5source\MDS_source\2space\ast2500evb_ns207_workspace\software\yafuflash-4.90.0-ANY\Common\main.c(2006,4): warning C4996: 'sprintf': This function or variable may be unsafe. Consider using sprintf_s instead. To disable deprecation, use _CRT_SECURE_NO_WARNINGS. See online help for details.
E:\5source\MDS_source\2space\ast2500evb_ns207_workspace\software\yafuflash-4.90.0-ANY\Common\main.c(2018,4): warning C4996: 'sprintf': This function or variable may be unsafe. Consider using sprintf_s instead. To disable deprecation, use _CRT_SECURE_NO_WARNINGS. See online help for details.
E:\5source\MDS_source\2space\ast2500evb_ns207_workspace\software\yafuflash-4.90.0-ANY\Common\main.c(2480,33): warning C4013: “RegenerateUBootVars”未定义；假设外部返回 int
E:\5source\MDS_source\2space\ast2500evb_ns207_workspace\software\yafuflash-4.90.0-ANY\Common\main.c(2528,44): warning C4013: “SetBlkUBootVars”未定义；假设外部返回 int
E:\5source\MDS_source\2space\ast2500evb_ns207_workspace\software\yafuflash-4.90.0-ANY\Common\main.c(2548,39): warning C4013: “RestoreFlashDevice”未定义；假设外部返回 int
E:\5source\MDS_source\2space\ast2500evb_ns207_workspace\software\yafuflash-4.90.0-ANY\Common\main.c(2557,35): warning C4013: “DoMMCUpdate”未定义；假设外部返回 int
E:\5source\MDS_source\2space\ast2500evb_ns207_workspace\software\yafuflash-4.90.0-ANY\Common\main.c(2445,13): warning C4996: 'scanf': This function or variable may be unsafe. Consider using scanf_s instead. To disable deprecation, use _CRT_SECURE_NO_WARNINGS. See online help for details.
E:\5source\MDS_source\2space\ast2500evb_ns207_workspace\software\yafuflash-4.90.0-ANY\Common\main.c(2493,29): warning C4996: 'scanf': This function or variable may be unsafe. Consider using scanf_s instead. To disable deprecation, use _CRT_SECURE_NO_WARNINGS. See online help for details.
E:\5source\MDS_source\2space\ast2500evb_ns207_workspace\software\yafuflash-4.90.0-ANY\Common\main.c(2599,5): warning C4996: 'strncpy': This function or variable may be unsafe. Consider using strncpy_s instead. To disable deprecation, use _CRT_SECURE_NO_WARNINGS. See online help for details.
E:\5source\MDS_source\2space\ast2500evb_ns207_workspace\software\yafuflash-4.90.0-ANY\Common\main.c(2641,27): warning C4013: “DisplayModuleDiffer”未定义；假设外部返回 int
E:\5source\MDS_source\2space\ast2500evb_ns207_workspace\software\yafuflash-4.90.0-ANY\Common\main.c(2651,13): warning C4996: 'scanf': This function or variable may be unsafe. Consider using scanf_s instead. To disable deprecation, use _CRT_SECURE_NO_WARNINGS. See online help for details.
E:\5source\MDS_source\2space\ast2500evb_ns207_workspace\software\yafuflash-4.90.0-ANY\Common\main.c(2935,28): warning C4013: “ReadRngFirmwareRelBase”未定义；假设外部返回 int
E:\5source\MDS_source\2space\ast2500evb_ns207_workspace\software\yafuflash-4.90.0-ANY\Common\main.c(2937,38): warning C4013: “CheckReleaseIDCodeVersion”未定义；假设外部返回 int
E:\5source\MDS_source\2space\ast2500evb_ns207_workspace\software\yafuflash-4.90.0-ANY\Common\main.c(2944,17): warning C4013: “Close_Session”未定义；假设外部返回 int
E:\5source\MDS_source\2space\ast2500evb_ns207_workspace\software\yafuflash-4.90.0-ANY\Common\main.c(2875,17): warning C4996: 'strncpy': This function or variable may be unsafe. Consider using strncpy_s instead. To disable deprecation, use _CRT_SECURE_NO_WARNINGS. See online help for details.
E:\5source\MDS_source\2space\ast2500evb_ns207_workspace\software\yafuflash-4.90.0-ANY\Common\main.c(3104,17): warning C4996: 'scanf': This function or variable may be unsafe. Consider using scanf_s instead. To disable deprecation, use _CRT_SECURE_NO_WARNINGS. See online help for details.
E:\5source\MDS_source\2space\ast2500evb_ns207_workspace\software\yafuflash-4.90.0-ANY\Common\main.c(3138,13): warning C4996: 'scanf': This function or variable may be unsafe. Consider using scanf_s instead. To disable deprecation, use _CRT_SECURE_NO_WARNINGS. See online help for details.
E:\5source\MDS_source\2space\ast2500evb_ns207_workspace\software\yafuflash-4.90.0-ANY\Common\main.c(3198,21): warning C4996: 'scanf': This function or variable may be unsafe. Consider using scanf_s instead. To disable deprecation, use _CRT_SECURE_NO_WARNINGS. See online help for details.
E:\5source\MDS_source\2space\ast2500evb_ns207_workspace\software\yafuflash-4.90.0-ANY\Common\main.c(3226,21): warning C4996: 'scanf': This function or variable may be unsafe. Consider using scanf_s instead. To disable deprecation, use _CRT_SECURE_NO_WARNINGS. See online help for details.
E:\5source\MDS_source\2space\ast2500evb_ns207_workspace\software\yafuflash-4.90.0-ANY\Common\main.c(3300,17): warning C4996: 'scanf': This function or variable may be unsafe. Consider using scanf_s instead. To disable deprecation, use _CRT_SECURE_NO_WARNINGS. See online help for details.
E:\5source\MDS_source\2space\ast2500evb_ns207_workspace\software\yafuflash-4.90.0-ANY\Common\main.c(3426,14): warning C4996: 'strncpy': This function or variable may be unsafe. Consider using strncpy_s instead. To disable deprecation, use _CRT_SECURE_NO_WARNINGS. See online help for details.
E:\5source\MDS_source\2space\ast2500evb_ns207_workspace\software\yafuflash-4.90.0-ANY\Common\main.c(3437,17): warning C4996: 'strncpy': This function or variable may be unsafe. Consider using strncpy_s instead. To disable deprecation, use _CRT_SECURE_NO_WARNINGS. See online help for details.
E:\5source\MDS_source\2space\ast2500evb_ns207_workspace\software\yafuflash-4.90.0-ANY\Common\main.c(3450,18): warning C4996: 'strncpy': This function or variable may be unsafe. Consider using strncpy_s instead. To disable deprecation, use _CRT_SECURE_NO_WARNINGS. See online help for details.
E:\5source\MDS_source\2space\ast2500evb_ns207_workspace\software\yafuflash-4.90.0-ANY\Common\main.c(3487,17): warning C4996: 'scanf': This function or variable may be unsafe. Consider using scanf_s instead. To disable deprecation, use _CRT_SECURE_NO_WARNINGS. See online help for details.
E:\5source\MDS_source\2space\ast2500evb_ns207_workspace\software\yafuflash-4.90.0-ANY\Common\main.c(3538,13): warning C4996: 'scanf': This function or variable may be unsafe. Consider using scanf_s instead. To disable deprecation, use _CRT_SECURE_NO_WARNINGS. See online help for details.
E:\5source\MDS_source\2space\ast2500evb_ns207_workspace\software\yafuflash-4.90.0-ANY\Common\main.c(3708,13): warning C4996: 'scanf': This function or variable may be unsafe. Consider using scanf_s instead. To disable deprecation, use _CRT_SECURE_NO_WARNINGS. See online help for details.
E:\5source\MDS_source\2space\ast2500evb_ns207_workspace\software\yafuflash-4.90.0-ANY\Common\main.c(3734,21): warning C4996: 'scanf': This function or variable may be unsafe. Consider using scanf_s instead. To disable deprecation, use _CRT_SECURE_NO_WARNINGS. See online help for details.
E:\5source\MDS_source\2space\ast2500evb_ns207_workspace\software\yafuflash-4.90.0-ANY\Common\main.c(3939,18): warning C4996: 'strcpy': This function or variable may be unsafe. Consider using strcpy_s instead. To disable deprecation, use _CRT_SECURE_NO_WARNINGS. See online help for details.
E:\5source\MDS_source\2space\ast2500evb_ns207_workspace\software\yafuflash-4.90.0-ANY\Common\main.c(3972,27): warning C4996: 'strcpy': This function or variable may be unsafe. Consider using strcpy_s instead. To disable deprecation, use _CRT_SECURE_NO_WARNINGS. See online help for details.
E:\5source\MDS_source\2space\ast2500evb_ns207_workspace\software\yafuflash-4.90.0-ANY\Common\main.c(3943,21): warning C4996: 'scanf': This function or variable may be unsafe. Consider using scanf_s instead. To disable deprecation, use _CRT_SECURE_NO_WARNINGS. See online help for details.
E:\5source\MDS_source\2space\ast2500evb_ns207_workspace\software\yafuflash-4.90.0-ANY\Common\main.c(3976,25): warning C4996: 'scanf': This function or variable may be unsafe. Consider using scanf_s instead. To disable deprecation, use _CRT_SECURE_NO_WARNINGS. See online help for details.
E:\5source\MDS_source\2space\ast2500evb_ns207_workspace\software\yafuflash-4.90.0-ANY\Common\main.c(4089,54): warning C4013: “GetFeatureStatus”未定义；假设外部返回 int
E:\5source\MDS_source\2space\ast2500evb_ns207_workspace\software\yafuflash-4.90.0-ANY\Common\main.c(4124,26): warning C4553: “==”: 未使用表达式结果；是否打算使用“=”?
E:\5source\MDS_source\2space\ast2500evb_ns207_workspace\software\yafuflash-4.90.0-ANY\Common\main.c(4128,26): warning C4553: “==”: 未使用表达式结果；是否打算使用“=”?
E:\5source\MDS_source\2space\ast2500evb_ns207_workspace\software\yafuflash-4.90.0-ANY\Common\main.c(4227,23): warning C4013: “SwitchFlashDevice”未定义；假设外部返回 int
E:\5source\MDS_source\2space\ast2500evb_ns207_workspace\software\yafuflash-4.90.0-ANY\Common\main.c(4283,39): warning C4267: “=”: 从“size_t”转换到“int”，可能丢失数据
E:\5source\MDS_source\2space\ast2500evb_ns207_workspace\software\yafuflash-4.90.0-ANY\Common\main.c(4314,37): warning C4267: “=”: 从“size_t”转换到“int”，可能丢失数据
E:\5source\MDS_source\2space\ast2500evb_ns207_workspace\software\yafuflash-4.90.0-ANY\Common\main.c(4393,106): warning C4267: “=”: 从“size_t”转换到“unsigned int”，可能丢失数据
E:\5source\MDS_source\2space\ast2500evb_ns207_workspace\software\yafuflash-4.90.0-ANY\Common\main.c(4377,15): warning C4996: 'fopen': This function or variable may be unsafe. Consider using fopen_s instead. To disable deprecation, use _CRT_SECURE_NO_WARNINGS. See online help for details.
E:\5source\MDS_source\2space\ast2500evb_ns207_workspace\software\yafuflash-4.90.0-ANY\Common\main.c(4515,126): warning C4267: “=”: 从“size_t”转换到“int”，可能丢失数据
E:\5source\MDS_source\2space\ast2500evb_ns207_workspace\software\yafuflash-4.90.0-ANY\Common\main.c(4527,124): warning C4267: “=”: 从“size_t”转换到“int”，可能丢失数据
E:\5source\MDS_source\2space\ast2500evb_ns207_workspace\software\yafuflash-4.90.0-ANY\Common\main.c(4504,7): warning C4996: 'fopen': This function or variable may be unsafe. Consider using fopen_s instead. To disable deprecation, use _CRT_SECURE_NO_WARNINGS. See online help for details.
E:\5source\MDS_source\2space\ast2500evb_ns207_workspace\software\yafuflash-4.90.0-ANY\Common\main.c(4555,124): warning C4267: “=”: 从“size_t”转换到“int”，可能丢失数据
E:\5source\MDS_source\2space\ast2500evb_ns207_workspace\software\yafuflash-4.90.0-ANY\Common\main.c(4544,7): warning C4996: 'fopen': This function or variable may be unsafe. Consider using fopen_s instead. To disable deprecation, use _CRT_SECURE_NO_WARNINGS. See online help for details.
E:\5source\MDS_source\2space\ast2500evb_ns207_workspace\software\yafuflash-4.90.0-ANY\Common\main.c(4606,11): warning C4996: 'strcpy': This function or variable may be unsafe. Consider using strcpy_s instead. To disable deprecation, use _CRT_SECURE_NO_WARNINGS. See online help for details.
E:\5source\MDS_source\2space\ast2500evb_ns207_workspace\software\yafuflash-4.90.0-ANY\Common\main.c(4607,11): warning C4996: 'strcpy': This function or variable may be unsafe. Consider using strcpy_s instead. To disable deprecation, use _CRT_SECURE_NO_WARNINGS. See online help for details.
E:\5source\MDS_source\2space\ast2500evb_ns207_workspace\software\yafuflash-4.90.0-ANY\Common\main.c(4608,11): warning C4996: 'strcpy': This function or variable may be unsafe. Consider using strcpy_s instead. To disable deprecation, use _CRT_SECURE_NO_WARNINGS. See online help for details.
E:\5source\MDS_source\2space\ast2500evb_ns207_workspace\software\yafuflash-4.90.0-ANY\Common\main.c(4885,39): warning C4013: “ReplaceSignedImageKey”未定义；假设外部返回 int
E:\5source\MDS_source\2space\ast2500evb_ns207_workspace\software\yafuflash-4.90.0-ANY\Common\main.c(4927,19): warning C4013: “PrintHelp”未定义；假设外部返回 int
E:\5source\MDS_source\2space\ast2500evb_ns207_workspace\software\yafuflash-4.90.0-ANY\Common\main.c(5381,43): warning C4996: 'strcpy': This function or variable may be unsafe. Consider using strcpy_s instead. To disable deprecation, use _CRT_SECURE_NO_WARNINGS. See online help for details.
E:\5source\MDS_source\2space\ast2500evb_ns207_workspace\software\yafuflash-4.90.0-ANY\Common\main.c(5386,60): warning C4553: “==”: 未使用表达式结果；是否打算使用“=”?
E:\5source\MDS_source\2space\ast2500evb_ns207_workspace\software\yafuflash-4.90.0-ANY\Common\main.c(5487,35): warning C4996: 'strcpy': This function or variable may be unsafe. Consider using strcpy_s instead. To disable deprecation, use _CRT_SECURE_NO_WARNINGS. See online help for details.
E:\5source\MDS_source\2space\ast2500evb_ns207_workspace\software\yafuflash-4.90.0-ANY\Common\main.c(5598,39): warning C4996: 'strcpy': This function or variable may be unsafe. Consider using strcpy_s instead. To disable deprecation, use _CRT_SECURE_NO_WARNINGS. See online help for details.
E:\5source\MDS_source\2space\ast2500evb_ns207_workspace\software\yafuflash-4.90.0-ANY\Common\main.c(5654,35): warning C4996: 'strcpy': This function or variable may be unsafe. Consider using strcpy_s instead. To disable deprecation, use _CRT_SECURE_NO_WARNINGS. See online help for details.
E:\5source\MDS_source\2space\ast2500evb_ns207_workspace\software\yafuflash-4.90.0-ANY\Common\main.c(5879,41): warning C4996: 'strcpy': This function or variable may be unsafe. Consider using strcpy_s instead. To disable deprecation, use _CRT_SECURE_NO_WARNINGS. See online help for details.
E:\5source\MDS_source\2space\ast2500evb_ns207_workspace\software\yafuflash-4.90.0-ANY\Common\main.c(5915,47): warning C4996: 'strcpy': This function or variable may be unsafe. Consider using strcpy_s instead. To disable deprecation, use _CRT_SECURE_NO_WARNINGS. See online help for details.
E:\5source\MDS_source\2space\ast2500evb_ns207_workspace\software\yafuflash-4.90.0-ANY\Common\main.c(5979,27): warning C4996: 'strcpy': This function or variable may be unsafe. Consider using strcpy_s instead. To disable deprecation, use _CRT_SECURE_NO_WARNINGS. See online help for details.
E:\5source\MDS_source\2space\ast2500evb_ns207_workspace\software\yafuflash-4.90.0-ANY\Common\main.c(6084,37): warning C4013: “ActivateFlashDevice”未定义；假设外部返回 int
E:\5source\MDS_source\2space\ast2500evb_ns207_workspace\software\yafuflash-4.90.0-ANY\Common\main.c(6106,40): warning C4013: “FlashAndVerify”未定义；假设外部返回 int
E:\5source\MDS_source\2space\ast2500evb_ns207_workspace\software\yafuflash-4.90.0-ANY\Common\main.c(4628,13): warning C4996: 'scanf': This function or variable may be unsafe. Consider using scanf_s instead. To disable deprecation, use _CRT_SECURE_NO_WARNINGS. See online help for details.
E:\5source\MDS_source\2space\ast2500evb_ns207_workspace\software\yafuflash-4.90.0-ANY\Common\main.c(5180,17): warning C4996: 'scanf': This function or variable may be unsafe. Consider using scanf_s instead. To disable deprecation, use _CRT_SECURE_NO_WARNINGS. See online help for details.
E:\5source\MDS_source\2space\ast2500evb_ns207_workspace\software\yafuflash-4.90.0-ANY\Common\main.c(5377,37): warning C4996: 'scanf': This function or variable may be unsafe. Consider using scanf_s instead. To disable deprecation, use _CRT_SECURE_NO_WARNINGS. See online help for details.
E:\5source\MDS_source\2space\ast2500evb_ns207_workspace\software\yafuflash-4.90.0-ANY\Common\main.c(5437,24): warning C4996: 'scanf': This function or variable may be unsafe. Consider using scanf_s instead. To disable deprecation, use _CRT_SECURE_NO_WARNINGS. See online help for details.
E:\5source\MDS_source\2space\ast2500evb_ns207_workspace\software\yafuflash-4.90.0-ANY\Common\main.c(5483,29): warning C4996: 'scanf': This function or variable may be unsafe. Consider using scanf_s instead. To disable deprecation, use _CRT_SECURE_NO_WARNINGS. See online help for details.
E:\5source\MDS_source\2space\ast2500evb_ns207_workspace\software\yafuflash-4.90.0-ANY\Common\main.c(5594,27): warning C4996: 'scanf': This function or variable may be unsafe. Consider using scanf_s instead. To disable deprecation, use _CRT_SECURE_NO_WARNINGS. See online help for details.
E:\5source\MDS_source\2space\ast2500evb_ns207_workspace\software\yafuflash-4.90.0-ANY\Common\main.c(5650,29): warning C4996: 'scanf': This function or variable may be unsafe. Consider using scanf_s instead. To disable deprecation, use _CRT_SECURE_NO_WARNINGS. See online help for details.
E:\5source\MDS_source\2space\ast2500evb_ns207_workspace\software\yafuflash-4.90.0-ANY\Common\main.c(5686,10): warning C4996: 'scanf': This function or variable may be unsafe. Consider using scanf_s instead. To disable deprecation, use _CRT_SECURE_NO_WARNINGS. See online help for details.
E:\5source\MDS_source\2space\ast2500evb_ns207_workspace\software\yafuflash-4.90.0-ANY\Common\main.c(5875,37): warning C4996: 'scanf': This function or variable may be unsafe. Consider using scanf_s instead. To disable deprecation, use _CRT_SECURE_NO_WARNINGS. See online help for details.
E:\5source\MDS_source\2space\ast2500evb_ns207_workspace\software\yafuflash-4.90.0-ANY\Common\main.c(5911,41): warning C4996: 'scanf': This function or variable may be unsafe. Consider using scanf_s instead. To disable deprecation, use _CRT_SECURE_NO_WARNINGS. See online help for details.
E:\5source\MDS_source\2space\ast2500evb_ns207_workspace\software\yafuflash-4.90.0-ANY\Common\main.c(4599,10): warning C4101: “MMCImgName”: 未引用的局部变量
E:\5source\MDS_source\2space\ast2500evb_ns207_workspace\software\yafuflash-4.90.0-ANY\Common\main.c(4598,11): warning C4101: “Filename”: 未引用的局部变量
E:\5source\MDS_source\2space\ast2500evb_ns207_workspace\software\yafuflash-4.90.0-ANY\Common\main.c(4113): warning C4716: “RetrieveFeatureList”: 必须返回一个值
  Yafuflash.vcxproj -> E:\5source\MDS_source\2space\ast2500evb_ns207_workspace\software\yafuflash-4.90.0-ANY\obj\Win64\Release\Yafuflash.exe
