e:\5source\mds_source\2space\ast2500evb_ns207_workspace\software\yafuflash-4.90.0-any\obj\win64\release\vc142.pdb
e:\5source\mds_source\2space\ast2500evb_ns207_workspace\software\yafuflash-4.90.0-any\obj\win64\release\meupdate.obj
e:\5source\mds_source\2space\ast2500evb_ns207_workspace\software\yafuflash-4.90.0-any\obj\win64\release\utils.obj
e:\5source\mds_source\2space\ast2500evb_ns207_workspace\software\yafuflash-4.90.0-any\obj\win64\release\rexstr.obj
e:\5source\mds_source\2space\ast2500evb_ns207_workspace\software\yafuflash-4.90.0-any\obj\win64\release\main.obj
e:\5source\mds_source\2space\ast2500evb_ns207_workspace\software\yafuflash-4.90.0-any\obj\win64\release\kcs.obj
e:\5source\mds_source\2space\ast2500evb_ns207_workspace\software\yafuflash-4.90.0-any\obj\win64\release\iniparse.obj
e:\5source\mds_source\2space\ast2500evb_ns207_workspace\software\yafuflash-4.90.0-any\obj\win64\release\hashtable.obj
e:\5source\mds_source\2space\ast2500evb_ns207_workspace\software\yafuflash-4.90.0-any\obj\win64\release\hashfns.obj
e:\5source\mds_source\2space\ast2500evb_ns207_workspace\software\yafuflash-4.90.0-any\obj\win64\release\flasher.obj
e:\5source\mds_source\2space\ast2500evb_ns207_workspace\software\yafuflash-4.90.0-any\obj\win64\release\flashcmds.obj
e:\5source\mds_source\2space\ast2500evb_ns207_workspace\software\yafuflash-4.90.0-any\obj\win64\release\comline.obj
e:\5source\mds_source\2space\ast2500evb_ns207_workspace\software\yafuflash-4.90.0-any\obj\win64\release\bmc_ifc.obj
e:\5source\mds_source\2space\ast2500evb_ns207_workspace\software\yafuflash-4.90.0-any\obj\win64\release\module100.obj
e:\5source\mds_source\2space\ast2500evb_ns207_workspace\software\yafuflash-4.90.0-any\obj\win64\release\crc8.obj
e:\5source\mds_source\2space\ast2500evb_ns207_workspace\software\yafuflash-4.90.0-any\obj\win64\release\crc32.obj
e:\5source\mds_source\2space\ast2500evb_ns207_workspace\software\yafuflash-4.90.0-any\obj\win64\release\ipm_ifc.obj
e:\5source\mds_source\2space\ast2500evb_ns207_workspace\software\yafuflash-4.90.0-any\obj\win64\release\yafuflash.pdb
e:\5source\mds_source\2space\ast2500evb_ns207_workspace\software\yafuflash-4.90.0-any\obj\win64\release\yafuflash.tlog\cl.command.1.tlog
e:\5source\mds_source\2space\ast2500evb_ns207_workspace\software\yafuflash-4.90.0-any\obj\win64\release\yafuflash.tlog\cl.read.1.tlog
e:\5source\mds_source\2space\ast2500evb_ns207_workspace\software\yafuflash-4.90.0-any\obj\win64\release\yafuflash.tlog\cl.write.1.tlog
e:\5source\mds_source\2space\ast2500evb_ns207_workspace\software\yafuflash-4.90.0-any\obj\win64\release\yafuflash.tlog\link-cvtres.read.1.tlog
e:\5source\mds_source\2space\ast2500evb_ns207_workspace\software\yafuflash-4.90.0-any\obj\win64\release\yafuflash.tlog\link-cvtres.write.1.tlog
e:\5source\mds_source\2space\ast2500evb_ns207_workspace\software\yafuflash-4.90.0-any\obj\win64\release\yafuflash.tlog\link-rc.read.1.tlog
e:\5source\mds_source\2space\ast2500evb_ns207_workspace\software\yafuflash-4.90.0-any\obj\win64\release\yafuflash.tlog\link-rc.write.1.tlog
e:\5source\mds_source\2space\ast2500evb_ns207_workspace\software\yafuflash-4.90.0-any\obj\win64\release\yafuflash.tlog\link.command.1.tlog
e:\5source\mds_source\2space\ast2500evb_ns207_workspace\software\yafuflash-4.90.0-any\obj\win64\release\yafuflash.tlog\link.read.1.tlog
e:\5source\mds_source\2space\ast2500evb_ns207_workspace\software\yafuflash-4.90.0-any\obj\win64\release\yafuflash.tlog\link.write.1.tlog
